<?xml version="1.0" encoding="UTF-8"?>
<!-- Generated by org.testng.reporters.JUnitXMLReporter -->
<testsuite ignored="0" hostname="Dilshad-Ayaan" failures="0" tests="3" name="HomePageTest" time="5.184" errors="0" timestamp="2026-06-07T20:36:58 IST">
  <testcase classname="com.CRM.TestCase.HomePageTestCase" name="verifyUrl" time="0.048"/>
  <testcase classname="com.CRM.TestCase.HomePageTestCase" name="verifyTitle" time="0.042"/>
  <testcase classname="com.CRM.TestCase.HomePageTestCase" name="validateSignInLink" time="1.134"/>
</testsuite> <!-- HomePageTest -->
