<?xml version="1.0" encoding="UTF-8"?>
<!-- Generated by org.testng.reporters.JUnitXMLReporter -->
<testsuite ignored="0" hostname="Dilshad-Ayaan" failures="1" tests="1" name="Test" time="10.517" errors="0" timestamp="2026-06-02T19:16:12 IST">
  <testcase classname="com.CRM.TestCase.LoginPageTestCase" name="validateLogin" time="0.583">
    <failure type="java.lang.AssertionError" message="Test Fail: Login Fail expected [true] but found [false]">
      <![CDATA[java.lang.AssertionError: Test Fail: Login Fail expected [true] but found [false]
at com.CRM.TestCase.LoginPageTestCase.validateLogin(LoginPageTestCase.java:21)
at java.base/java.util.ArrayList.forEach(ArrayList.java:1596)
... Removed 28 stack frames]]>
    </failure>
  </testcase> <!-- validateLogin -->
</testsuite> <!-- Test -->
