<?xml version="1.0" encoding="UTF-8"?>
<!-- Generated by org.testng.reporters.JUnitXMLReporter -->
<testsuite ignored="0" hostname="Dilshad-Ayaan" failures="1" tests="1" name="Test" time="0.088" errors="0" timestamp="2026-06-08T19:28:37 IST">
  <testcase classname="seleniumGrid.ParallelTest" name="crossBrowserTest" time="0.0">
    <failure type="org.testng.TestNGException" message="
Parameter &amp;apos;bname&amp;apos; is required by @Test on method crossBrowserTest but has not been marked @Optional or defined
in D:\Dilshad_SeleniumDemos\AutomationDevOPS2060\gridtest.xml">
      <![CDATA[org.testng.TestNGException: 
Parameter 'bname' is required by @Test on method crossBrowserTest but has not been marked @Optional or defined
in D:\Dilshad_SeleniumDemos\AutomationDevOPS2060\gridtest.xml
at java.base/java.util.ArrayList.forEach(ArrayList.java:1596)
... Removed 26 stack frames]]>
    </failure>
  </testcase> <!-- crossBrowserTest -->
</testsuite> <!-- Test -->
