<?xml version="1.0" encoding="UTF-8"?>
<!-- Generated by org.testng.reporters.JUnitReportReporter -->
<testsuite hostname="Dilshad-Ayaan" failures="0" tests="3" name="seleniumGrid.ParallelTest" time="44.776" errors="0" timestamp="2026-06-08T19:53:07 IST" skipped="0">
  <testcase classname="seleniumGrid.ParallelTest" name="crossBrowserTest" time="17.279"/>
  <testcase classname="seleniumGrid.ParallelTest" name="crossBrowserTest" time="21.138"/>
  <testcase classname="seleniumGrid.ParallelTest" name="crossBrowserTest" time="6.359"/>
</testsuite> <!-- seleniumGrid.ParallelTest -->
